C:\USERS\G\DOCUMENTS\GITHUB\EXERCISES2\VS\课题设计\课题设计\DEBUG\FUN.CPP.NATIVECODEANALYSIS.XML
C:\USERS\G\DOCUMENTS\GITHUB\EXERCISES2\VS\课题设计\课题设计\DEBUG\FUN.OBJ
C:\USERS\G\DOCUMENTS\GITHUB\EXERCISES2\VS\课题设计\课题设计\DEBUG\VC110.PDB
C:\USERS\G\DOCUMENTS\GITHUB\EXERCISES2\VS\课题设计\课题设计\DEBUG\ROOMLIST.CPP.NATIVECODEANALYSIS.XML
C:\USERS\G\DOCUMENTS\GITHUB\EXERCISES2\VS\课题设计\课题设计\DEBUG\ROOMLIST.OBJ
C:\USERS\G\DOCUMENTS\GITHUB\EXERCISES2\VS\课题设计\课题设计\DEBUG\MAIN.CPP.NATIVECODEANALYSIS.XML
C:\USERS\G\DOCUMENTS\GITHUB\EXERCISES2\VS\课题设计\课题设计\DEBUG\MAIN.OBJ
C:\USERS\G\DOCUMENTS\GITHUB\EXERCISES2\VS\课题设计\课题设计\DEBUG\TYPELIST.CPP.NATIVECODEANALYSIS.XML
C:\USERS\G\DOCUMENTS\GITHUB\EXERCISES2\VS\课题设计\课题设计\DEBUG\TYPELIST.OBJ
C:\USERS\G\DOCUMENTS\GITHUB\EXERCISES2\VS\课题设计\课题设计\DEBUG\INIFILE.CPP.NATIVECODEANALYSIS.XML
C:\USERS\G\DOCUMENTS\GITHUB\EXERCISES2\VS\课题设计\课题设计\DEBUG\INIFILE.OBJ
C:\USERS\G\DOCUMENTS\GITHUB\EXERCISES2\VS\课题设计\DEBUG\课题设计.ILK
C:\USERS\G\DOCUMENTS\GITHUB\EXERCISES2\VS\课题设计\DEBUG\课题设计.EXE
C:\USERS\G\DOCUMENTS\GITHUB\EXERCISES2\VS\课题设计\DEBUG\课题设计.PDB
C:\Users\g\Documents\GitHub\Exercises2\vs\课题设计\课题设计\Debug\fun.obj
C:\Users\g\Documents\GitHub\Exercises2\vs\课题设计\课题设计\Debug\iniFile.obj
C:\Users\g\Documents\GitHub\Exercises2\vs\课题设计\课题设计\Debug\main.obj
C:\Users\g\Documents\GitHub\Exercises2\vs\课题设计\课题设计\Debug\RoomList.obj
C:\Users\g\Documents\GitHub\Exercises2\vs\课题设计\课题设计\Debug\TypeList.obj
C:\Users\g\Documents\GitHub\Exercises2\vs\课题设计\课题设计\Debug\cl.command.1.tlog
C:\Users\g\Documents\GitHub\Exercises2\vs\课题设计\课题设计\Debug\CL.read.1.tlog
C:\Users\g\Documents\GitHub\Exercises2\vs\课题设计\课题设计\Debug\CL.write.1.tlog
C:\Users\g\Documents\GitHub\Exercises2\vs\课题设计\课题设计\Debug\link-cvtres.read.1.tlog
C:\Users\g\Documents\GitHub\Exercises2\vs\课题设计\课题设计\Debug\link-cvtres.write.1.tlog
C:\Users\g\Documents\GitHub\Exercises2\vs\课题设计\课题设计\Debug\link-rc.read.1.tlog
C:\Users\g\Documents\GitHub\Exercises2\vs\课题设计\课题设计\Debug\link-rc.write.1.tlog
C:\Users\g\Documents\GitHub\Exercises2\vs\课题设计\课题设计\Debug\link.command.1.tlog
C:\Users\g\Documents\GitHub\Exercises2\vs\课题设计\课题设计\Debug\link.read.1.tlog
C:\Users\g\Documents\GitHub\Exercises2\vs\课题设计\课题设计\Debug\link.write.1.tlog
C:\Users\g\Documents\GitHub\Exercises2\vs\课题设计\课题设计\Debug\NativeCodeAnalysis.read.1.tlog
C:\Users\g\Documents\GitHub\Exercises2\vs\课题设计\课题设计\Debug\vc110.idb
C:\Users\g\Documents\GitHub\Exercises2\vs\课题设计\课题设计\Debug\vc110.pdb
C:\Users\g\Documents\GitHub\Exercises2\vs\课题设计\课题设计\Debug\fun.cpp.nativecodeanalysis.xml
C:\Users\g\Documents\GitHub\Exercises2\vs\课题设计\课题设计\Debug\iniFile.cpp.nativecodeanalysis.xml
C:\Users\g\Documents\GitHub\Exercises2\vs\课题设计\课题设计\Debug\main.cpp.nativecodeanalysis.xml
C:\Users\g\Documents\GitHub\Exercises2\vs\课题设计\课题设计\Debug\RoomList.cpp.nativecodeanalysis.xml
C:\Users\g\Documents\GitHub\Exercises2\vs\课题设计\课题设计\Debug\TypeList.cpp.nativecodeanalysis.xml
C:\Users\g\Documents\GitHub\Exercises2\vs\课题设计\课题设计\Debug\vc.nativecodeanalysis.all.xml
C:\Users\g\Documents\GitHub\Exercises2\vs\课题设计\Debug\课题设计.pdb
C:\Users\g\Documents\GitHub\Exercises2\vs\课题设计\Debug\课题设计.exe
C:\Users\g\Documents\GitHub\Exercises2\vs\课题设计\Debug\课题设计.ilk
C:\Users\g\Documents\GitHub\Exercises2\vs\课题设计\Debug\课题设计.exe.lastcodeanalysissucceeded
